\BOOKMARK [1][-]{section*.3}{LIST OF FIGURES}{}% 1
\BOOKMARK [1][-]{section*.5}{LIST OF TABLES}{}% 2
\BOOKMARK [1][-]{section.1}{Introduction}{}% 3
\BOOKMARK [2][-]{section*.7}{Preliminary}{section.1}% 4
\BOOKMARK [2][-]{section*.8}{What is novel in this research?}{section.1}% 5
\BOOKMARK [2][-]{section*.9}{Scope of research}{section.1}% 6
\BOOKMARK [2][-]{section*.10}{Report outline}{section.1}% 7
\BOOKMARK [1][-]{section.2}{Topographic effects in the Aburr\341 valley region in Medellin, Colombia.}{}% 8
\BOOKMARK [1][-]{section*.11}{Site response analysis }{}% 9
\BOOKMARK [1][-]{section.3}{Superposition Based Diffraction}{}% 10
\BOOKMARK [1][-]{section*.25}{Superposition based diffraction}{}% 11
\BOOKMARK [2][-]{section*.26}{Alternative representation of the total response}{section*.25}% 12
\BOOKMARK [2][-]{section*.28}{Fundamental solution}{section*.25}% 13
\BOOKMARK [2][-]{section*.31}{Superposition of diffracted waves}{section*.25}% 14
\BOOKMARK [3][-]{section*.33}{Step I: representation of the surface geometry}{section*.31}% 15
\BOOKMARK [3][-]{section*.35}{Step II: partition of the domain}{section*.31}% 16
\BOOKMARK [3][-]{section*.38}{Step III: higher order diffraction contribution}{section*.31}% 17
\BOOKMARK [3][-]{section*.41}{Step IV: Construction of the total solution}{section*.31}% 18
\BOOKMARK [2][-]{section*.42}{Validation of the SBD approach}{section*.25}% 19
\BOOKMARK [2][-]{section*.43}{Response of a 25 V-shaped canyon}{section*.25}% 20
\BOOKMARK [2][-]{section*.53}{Conclusions}{section*.25}% 21
\BOOKMARK [1][-]{section.4}{Topographic resolution: towards a rational approach for geometric effects}{}% 22
\BOOKMARK [1][-]{section*.54}{Topographic resolution}{}% 23
\BOOKMARK [2][-]{section*.55}{Topographic resolution}{section*.54}% 24
\BOOKMARK [2][-]{section*.57}{Building block in the construction of a topographic irregularity}{section*.54}% 25
\BOOKMARK [2][-]{section*.61}{Response of canonical topographies}{section*.54}% 26
\BOOKMARK [2][-]{section*.78}{Band method}{section*.54}% 27
\BOOKMARK [1][-]{section*.92}{Further work}{}% 28
\BOOKMARK [1][-]{section*.94}{References}{}% 29
\BOOKMARK [1][-]{section*.96}{Acknowledgments}{}% 30
